2018-06-25 17:09:20 INFO  root:9 - SuperUser has taken command
2018-06-25 17:09:35 INFO  root:9 - superuser has logged out
2018-06-25 17:09:35 INFO  root:9 - Saving accounts and writing file
2018-06-25 17:10:40 INFO  root:9 - SuperUser has taken command
2018-06-25 17:10:52 INFO  root:9 - superuser has logged out
2018-06-25 17:10:52 INFO  root:9 - Saving accounts and writing file
2018-06-25 17:11:01 INFO  root:9 - user1has registered, waiting approval
2018-06-25 17:11:28 INFO  root:9 - admin1has logged in
2018-06-25 17:11:39 INFO  root:9 - admin1 has logged out
2018-06-25 17:11:40 INFO  root:9 - Saving accounts and writing file
2018-06-25 17:11:46 INFO  root:9 - user1has logged in
2018-06-25 17:11:51 INFO  root:9 - user1has deposited $1000000.0
2018-06-25 17:11:57 INFO  root:9 - user1 withdrew $1.0
2018-06-25 17:12:00 INFO  root:9 - user1 has logged out
2018-06-25 17:12:00 INFO  root:9 - Saving accounts and writing file
2018-06-25 18:16:00 INFO  root:9 - SuperUser has taken command
2018-06-25 18:18:07 INFO  root:9 - SuperUser has taken command
2018-06-25 18:18:58 INFO  root:9 - SuperUser has taken command
2018-06-25 18:19:18 INFO  root:9 - superuser has logged out
2018-06-25 18:19:18 INFO  root:9 - Saving accounts and writing file
2018-06-25 18:22:07 INFO  root:9 - user1has logged in
2018-06-25 18:22:10 INFO  root:9 - user1 has logged out
2018-06-25 18:22:10 INFO  root:9 - Saving accounts and writing file
2018-06-25 18:23:23 INFO  root:9 - user2has registered, waiting approval
2018-06-25 18:23:49 INFO  root:9 - user2has registered, waiting approval
2018-06-25 18:26:01 INFO  root:9 - user2has registered, waiting approval
2018-06-25 18:26:15 INFO  root:9 - SuperUser has taken command
2018-06-25 18:27:27 INFO  root:9 - user2has registered, waiting approval
2018-06-25 18:29:55 INFO  root:9 - user2has registered, waiting approval
2018-06-25 18:30:10 INFO  root:9 - user2has registered, waiting approval
2018-06-25 18:31:30 INFO  root:9 - SuperUser has taken command
2018-06-25 18:31:37 INFO  root:9 - superuser has logged out
2018-06-25 18:31:37 INFO  root:9 - Saving accounts and writing file
2018-07-01 22:23:46 INFO  root:9 - user1has registered, waiting approval
2018-07-01 22:25:15 INFO  root:9 - user1has registered, waiting approval
2018-07-01 22:28:03 INFO  root:9 - SuperUser has taken command
2018-07-01 22:29:50 INFO  root:9 - SuperUser has taken command
2018-07-01 23:16:15 INFO  root:9 - SuperUser has taken command
2018-07-01 23:16:37 INFO  root:9 - superuser has logged out
2018-07-01 23:16:37 INFO  root:9 - Saving accounts and writing file
2018-07-01 23:16:44 INFO  root:9 - admin1has logged in
2018-07-01 23:17:39 INFO  root:9 - admin1 has logged out
2018-07-01 23:17:39 INFO  root:9 - Saving accounts and writing file
2018-07-01 23:17:46 INFO  root:9 - user1has logged in
2018-07-01 23:17:54 INFO  root:9 - user1 withdrew $0.0
2018-07-01 23:22:00 INFO  root:9 - SuperUser has taken command
2018-07-01 23:22:13 INFO  root:9 - superuser has logged out
2018-07-01 23:22:13 INFO  root:9 - Saving accounts and writing file
2018-07-01 23:22:20 INFO  root:9 - admin1has logged in
2018-07-01 23:22:26 INFO  root:9 - admin1 has logged out
2018-07-01 23:22:26 INFO  root:9 - Saving accounts and writing file
2018-07-01 23:22:30 INFO  root:9 - user1has logged in
2018-07-01 23:22:37 INFO  root:9 - user1has deposited $10.0
2018-07-01 23:23:45 INFO  root:9 - SuperUser has taken command
2018-07-01 23:23:50 INFO  root:9 - superuser has logged out
2018-07-01 23:23:50 INFO  root:9 - Saving accounts and writing file
2018-07-01 23:23:56 INFO  root:9 - admin1has logged in
2018-07-01 23:24:01 INFO  root:9 - admin1 has logged out
2018-07-01 23:24:01 INFO  root:9 - Saving accounts and writing file
2018-07-01 23:25:55 INFO  root:9 - SuperUser has taken command
2018-07-01 23:26:03 INFO  root:9 - superuser has logged out
2018-07-01 23:26:03 INFO  root:9 - Saving accounts and writing file
2018-07-01 23:26:08 INFO  root:9 - admin1has logged in
2018-07-01 23:26:22 INFO  root:9 - admin1 has logged out
2018-07-01 23:26:22 INFO  root:9 - Saving accounts and writing file
2018-07-01 23:29:25 INFO  root:9 - SuperUser has taken command
2018-07-01 23:29:39 INFO  root:9 - superuser has logged out
2018-07-01 23:29:39 INFO  root:9 - Saving accounts and writing file
2018-07-01 23:30:02 INFO  root:9 - admin1has logged in
2018-07-01 23:30:08 INFO  root:9 - admin1 has logged out
2018-07-01 23:30:08 INFO  root:9 - Saving accounts and writing file
2018-07-01 23:32:46 INFO  root:9 - admin1has logged in
2018-07-01 23:32:48 INFO  root:9 - admin1 has logged out
2018-07-01 23:32:48 INFO  root:9 - Saving accounts and writing file
2018-07-01 23:32:53 INFO  root:9 - user1has logged in
2018-07-01 23:33:04 INFO  root:9 - user1has deposited $10.0
2018-07-01 23:35:09 INFO  root:9 - admin1has logged in
2018-07-01 23:35:17 INFO  root:9 - admin1 has logged out
2018-07-01 23:35:17 INFO  root:9 - Saving accounts and writing file
2018-07-01 23:35:35 INFO  root:9 - admin1has logged in
2018-07-01 23:35:38 INFO  root:9 - admin1 has logged out
2018-07-01 23:35:38 INFO  root:9 - Saving accounts and writing file
2018-07-01 23:35:44 INFO  root:9 - user1has logged in
2018-07-01 23:35:48 INFO  root:9 - user1has deposited $10.0
2018-07-01 23:38:33 INFO  root:9 - admin1has logged in
2018-07-01 23:38:36 INFO  root:9 - admin1 has logged out
2018-07-01 23:38:36 INFO  root:9 - Saving accounts and writing file
2018-07-01 23:38:40 INFO  root:9 - user1has logged in
2018-07-01 23:38:44 INFO  root:9 - user1has deposited $10.0
2018-07-01 23:46:19 INFO  root:9 - admin1has logged in
2018-07-01 23:46:22 INFO  root:9 - admin1 has logged out
2018-07-01 23:46:22 INFO  root:9 - Saving accounts and writing file
2018-07-01 23:46:27 INFO  root:9 - user1has logged in
2018-07-01 23:46:31 INFO  root:9 - user1has deposited $10.0
2018-07-01 23:49:03 INFO  root:9 - admin1has logged in
2018-07-01 23:49:05 INFO  root:9 - admin1 has logged out
2018-07-01 23:49:05 INFO  root:9 - Saving accounts and writing file
2018-07-01 23:49:09 INFO  root:9 - user1has logged in
2018-07-01 23:49:12 INFO  root:9 - user1has deposited $10.0
2018-07-01 23:54:06 INFO  root:9 - user1has registered, waiting approval
2018-07-01 23:55:19 INFO  root:9 - user1has registered, waiting approval
2018-07-01 23:55:29 INFO  root:9 - SuperUser has taken command
2018-07-01 23:55:38 INFO  root:9 - superuser has logged out
2018-07-01 23:55:38 INFO  root:9 - Saving accounts and writing file
2018-07-01 23:55:43 INFO  root:9 - admin1has logged in
2018-07-01 23:55:53 INFO  root:9 - admin1 has logged out
2018-07-01 23:55:53 INFO  root:9 - Saving accounts and writing file
2018-07-01 23:55:57 INFO  root:9 - user1has logged in
2018-07-01 23:56:02 INFO  root:9 - user1has deposited $10.0
2018-07-01 23:58:33 INFO  root:9 - admin1has logged in
2018-07-01 23:58:36 INFO  root:9 - admin1 has logged out
2018-07-01 23:58:36 INFO  root:9 - Saving accounts and writing file
2018-07-01 23:58:41 INFO  root:9 - user1has logged in
2018-07-01 23:58:48 INFO  root:9 - user1has deposited $10.0
2018-07-02 00:00:30 INFO  root:9 - admin1has logged in
2018-07-02 00:00:32 INFO  root:9 - admin1 has logged out
2018-07-02 00:00:32 INFO  root:9 - Saving accounts and writing file
2018-07-02 00:00:35 INFO  root:9 - user1has logged in
2018-07-02 00:00:38 INFO  root:9 - user1has deposited $10.0
2018-07-02 00:02:43 INFO  root:9 - user1has registered, waiting approval
2018-07-02 00:04:29 INFO  root:9 - SuperUser has taken command
2018-07-02 00:04:58 INFO  root:9 - superuser has logged out
2018-07-02 00:04:58 INFO  root:9 - Saving accounts and writing file
2018-07-02 00:05:03 INFO  root:9 - admin1has logged in
2018-07-02 00:05:07 INFO  root:9 - admin1 has logged out
2018-07-02 00:05:07 INFO  root:9 - Saving accounts and writing file
2018-07-02 00:05:10 INFO  root:9 - user1has logged in
2018-07-02 00:05:14 INFO  root:9 - user1has deposited $10.0
2018-07-02 00:05:44 INFO  root:9 - user1 withdrew $2.0
2018-07-02 00:07:39 INFO  root:9 - admin1has logged in
2018-07-02 00:07:42 INFO  root:9 - admin1 has logged out
2018-07-02 00:07:42 INFO  root:9 - Saving accounts and writing file
2018-07-02 00:07:46 INFO  root:9 - user1has logged in
2018-07-02 00:07:56 INFO  root:9 - user1has deposited $10.0
2018-07-02 00:18:16 INFO  root:9 - admin1has logged in
2018-07-02 00:18:22 INFO  root:9 - admin1 has logged out
2018-07-02 00:18:22 INFO  root:9 - Saving accounts and writing file
2018-07-02 00:18:26 INFO  root:9 - user1has logged in
2018-07-02 00:18:34 INFO  root:9 - user1has deposited $11.0
2018-07-02 00:19:25 INFO  root:9 - admin1has logged in
2018-07-02 00:19:27 INFO  root:9 - admin1 has logged out
2018-07-02 00:19:27 INFO  root:9 - Saving accounts and writing file
2018-07-02 00:19:30 INFO  root:9 - user1has logged in
2018-07-02 00:19:32 INFO  root:9 - user1has deposited $10.0
2018-07-02 00:19:40 INFO  root:9 - user1 withdrew $9.0
2018-07-02 00:19:57 INFO  root:9 - user1 withdrew $1.0
2018-07-02 00:20:06 INFO  root:9 - user1 has logged out
2018-07-02 00:20:06 INFO  root:9 - Saving accounts and writing file
2018-07-02 21:27:00 INFO  root:9 - SuperUser has taken command
2018-07-02 21:27:09 INFO  root:9 - superuser has logged out
2018-07-02 21:27:09 INFO  root:9 - Saving accounts and writing file
2018-07-02 21:27:15 INFO  root:9 - admin1has logged in
2018-07-02 21:27:31 INFO  root:9 - admin1 has logged out
2018-07-02 21:27:31 INFO  root:9 - Saving accounts and writing file
2018-07-03 06:38:30 INFO  root:9 - user1has logged in
2018-07-03 06:38:41 INFO  root:9 - user1 withdrew $0.0
2018-07-03 06:47:45 INFO  root:9 - user1has logged in
2018-07-03 06:47:49 INFO  root:9 - user1has deposited $10.0
2018-07-03 06:59:36 INFO  root:9 - user1has logged in
2018-07-03 06:59:39 INFO  root:9 - user1has deposited $10.0
2018-07-03 07:12:26 INFO  root:9 - user1has registered, waiting approval
2018-07-03 07:12:37 INFO  root:9 - SuperUser has taken command
2018-07-03 07:12:51 INFO  root:9 - superuser has logged out
2018-07-03 07:12:51 INFO  root:9 - Saving accounts and writing file
2018-07-03 07:13:10 INFO  root:9 - admin1has logged in
2018-07-03 07:13:19 INFO  root:9 - admin1 has logged out
2018-07-03 07:13:19 INFO  root:9 - Saving accounts and writing file
2018-07-03 07:13:29 INFO  root:9 - user1has logged in
2018-07-03 07:13:32 INFO  root:9 - user1has deposited $10.0
2018-07-03 07:24:55 INFO  root:9 - user1has logged in
2018-07-03 07:25:00 INFO  root:9 - user1 withdrew $9.0
2018-07-03 07:25:11 INFO  root:9 - user1has deposited $5.0
2018-07-03 07:25:13 INFO  root:9 - user1 has logged out
2018-07-03 07:25:13 INFO  root:9 - Saving accounts and writing file
2018-07-03 07:25:59 INFO  root:9 - user1has logged in
2018-07-03 07:26:05 INFO  root:9 - user1 withdrew $0.0
2018-07-03 07:26:07 INFO  root:9 - user1 has logged out
2018-07-03 07:26:07 INFO  root:9 - Saving accounts and writing file
2018-07-03 09:03:17 INFO  root:9 - user2has registered, waiting approval
2018-07-03 09:03:52 INFO  root:9 - user2has logged in
2018-07-03 09:08:39 INFO  root:9 - user1has registered, waiting approval
2018-07-03 09:08:52 INFO  root:9 - SuperUser has taken command
2018-07-03 09:09:03 INFO  root:9 - superuser has logged out
2018-07-03 09:09:03 INFO  root:9 - Saving accounts and writing file
2018-07-03 09:09:14 INFO  root:9 - admin1has logged in
2018-07-03 09:09:30 INFO  root:9 - admin1 has logged out
2018-07-03 09:09:30 INFO  root:9 - Saving accounts and writing file
2018-07-03 09:09:37 INFO  root:9 - user1has logged in
2018-07-03 09:09:41 INFO  root:9 - user1has deposited $10.0
2018-07-03 09:09:46 INFO  root:9 - user1 withdrew $1.0
2018-07-03 09:09:51 INFO  root:9 - user1has deposited $0.0
2018-07-03 09:09:54 INFO  root:9 - user1 has logged out
2018-07-03 09:09:54 INFO  root:9 - Saving accounts and writing file
2018-07-03 09:13:21 INFO  root:9 - user1has logged in
2018-07-03 09:13:25 INFO  root:9 - user1 withdrew $0.0
2018-07-03 09:13:27 INFO  root:9 - user1 has logged out
2018-07-03 09:13:27 INFO  root:9 - Saving accounts and writing file
2018-07-03 09:15:28 INFO  root:9 - user1has logged in
2018-07-03 09:15:37 INFO  root:9 - user1 withdrew $1.0
2018-07-03 09:15:52 INFO  root:9 - user1has deposited $0.0
2018-07-03 09:16:11 INFO  root:9 - user1has deposited $0.0
2018-07-03 09:16:14 INFO  root:9 - user1has deposited $0.0
2018-07-03 09:16:17 INFO  root:9 - user1 has logged out
2018-07-03 09:16:17 INFO  root:9 - Saving accounts and writing file
2018-07-03 09:20:06 INFO  root:9 - user2has registered, waiting approval
2018-07-03 09:20:45 INFO  root:9 - SuperUser has taken command
2018-07-03 09:21:27 INFO  root:9 - superuser has logged out
2018-07-03 09:21:27 INFO  root:9 - Saving accounts and writing file
2018-07-03 09:21:56 INFO  root:9 - admin2has logged in
2018-07-03 09:22:46 INFO  root:9 - admin2 has logged out
2018-07-03 09:22:46 INFO  root:9 - Saving accounts and writing file
2018-07-03 09:22:52 INFO  root:9 - user2has logged in
2018-07-03 09:23:21 INFO  root:9 - user2 withdrew $0.0
2018-07-03 09:23:26 INFO  root:9 - user2has deposited $100.0
2018-07-03 09:23:35 INFO  root:9 - user2 withdrew $1.0
2018-07-03 09:23:44 INFO  root:9 - user2 has logged out
2018-07-03 09:23:44 INFO  root:9 - Saving accounts and writing file
2018-07-03 09:24:18 INFO  root:9 - user2has logged in
2018-07-03 09:24:27 INFO  root:9 - user2has deposited $0.0
2018-07-03 09:24:30 INFO  root:9 - user2 has logged out
2018-07-03 09:24:30 INFO  root:9 - Saving accounts and writing file
2018-07-03 09:41:38 INFO  root:9 - user1has logged in
2018-07-03 09:41:46 INFO  root:9 - user1has deposited $1.0
2018-07-03 09:41:55 INFO  root:9 - user1 has logged out
2018-07-03 09:41:55 INFO  root:9 - Saving accounts and writing file
2018-07-03 09:45:55 INFO  root:9 - user3has registered, waiting approval
2018-07-03 09:46:20 INFO  root:9 - user3has logged in
2018-07-03 09:46:26 INFO  root:9 - user3has deposited $10.0
2018-07-03 09:51:59 INFO  root:9 - user3 has logged out
2018-07-03 09:51:59 INFO  root:9 - Saving accounts and writing file
